<?xml version="1.0" encoding="UTF-8"?>
<testExecutions version="1">
  <file path="/home/marion/Code-Sources/projectsPerso/my-portfolio/src/components/CardParcours/cardParcours.spec.tsx">
    <testCase name="CardParcours Component renders the component with all props" duration="141"/>
    <testCase name="CardParcours Component renders the component without optional props" duration="23">
      <failure message="Error: expect(element).not.toBeInTheDocument()"><![CDATA[Error: expect(element).not.toBeInTheDocument()

expected document not to contain element, found <li class="listParcours">Additional experience 1</li> instead
    at Object.toBeInTheDocument (/home/marion/Code-Sources/projectsPerso/my-portfolio/src/components/CardParcours/cardParcours.spec.tsx:42:63)
    at Promise.then.completed (/home/marion/Code-Sources/projectsPerso/my-portfolio/node_modules/.pnpm/jest-circus@29.7.0/node_modules/jest-circus/build/utils.js:298:28)
    at new Promise (<anonymous>)
    at callAsyncCircusFn (/home/marion/Code-Sources/projectsPerso/my-portfolio/node_modules/.pnpm/jest-circus@29.7.0/node_modules/jest-circus/build/utils.js:231:10)
    at _callCircusTest (/home/marion/Code-Sources/projectsPerso/my-portfolio/node_modules/.pnpm/jest-circus@29.7.0/node_modules/jest-circus/build/run.js:316:40)
    at processTicksAndRejections (node:internal/process/task_queues:105:5)
    at _runTest (/home/marion/Code-Sources/projectsPerso/my-portfolio/node_modules/.pnpm/jest-circus@29.7.0/node_modules/jest-circus/build/run.js:252:3)
    at _runTestsForDescribeBlock (/home/marion/Code-Sources/projectsPerso/my-portfolio/node_modules/.pnpm/jest-circus@29.7.0/node_modules/jest-circus/build/run.js:126:9)
    at _runTestsForDescribeBlock (/home/marion/Code-Sources/projectsPerso/my-portfolio/node_modules/.pnpm/jest-circus@29.7.0/node_modules/jest-circus/build/run.js:121:9)
    at run (/home/marion/Code-Sources/projectsPerso/my-portfolio/node_modules/.pnpm/jest-circus@29.7.0/node_modules/jest-circus/build/run.js:71:3)
    at runAndTransformResultsToJestFormat (/home/marion/Code-Sources/projectsPerso/my-portfolio/node_modules/.pnpm/jest-circus@29.7.0/node_modules/jest-circus/build/legacy-code-todo-rewrite/jestAdapterInit.js:122:21)
    at jestAdapter (/home/marion/Code-Sources/projectsPerso/my-portfolio/node_modules/.pnpm/jest-circus@29.7.0/node_modules/jest-circus/build/legacy-code-todo-rewrite/jestAdapter.js:79:19)
    at runTestInternal (/home/marion/Code-Sources/projectsPerso/my-portfolio/node_modules/.pnpm/jest-runner@29.7.0/node_modules/jest-runner/build/runTest.js:367:16)
    at runTest (/home/marion/Code-Sources/projectsPerso/my-portfolio/node_modules/.pnpm/jest-runner@29.7.0/node_modules/jest-runner/build/runTest.js:444:34)
    at Object.worker (/home/marion/Code-Sources/projectsPerso/my-portfolio/node_modules/.pnpm/jest-runner@29.7.0/node_modules/jest-runner/build/testWorker.js:106:12)]]></failure>
    </testCase>
    <testCase name="CardParcours Component does not render the image if picture prop is not provided" duration="15">
      <failure message="Error: expect(element).not.toBeInTheDocument()"><![CDATA[Error: expect(element).not.toBeInTheDocument()

expected document not to contain element, found <img alt="Enterprise Name" class="pictureParcours" data-nimg="1" decoding="async" height="100" src="/_next/image?url=%2Fpath%2Fto%2Fimage.png&w=256&q=75" srcset="/_next/image?url=%2Fpath%2Fto%2Fimage.png&w=128&q=75 1x, /_next/image?url=%2Fpath%2Fto%2Fimage.png&w=256&q=75 2x" style="color: transparent;" width="100" /> instead
    at Object.toBeInTheDocument (/home/marion/Code-Sources/projectsPerso/my-portfolio/src/components/CardParcours/cardParcours.spec.tsx:53:58)
    at Promise.then.completed (/home/marion/Code-Sources/projectsPerso/my-portfolio/node_modules/.pnpm/jest-circus@29.7.0/node_modules/jest-circus/build/utils.js:298:28)
    at new Promise (<anonymous>)
    at callAsyncCircusFn (/home/marion/Code-Sources/projectsPerso/my-portfolio/node_modules/.pnpm/jest-circus@29.7.0/node_modules/jest-circus/build/utils.js:231:10)
    at _callCircusTest (/home/marion/Code-Sources/projectsPerso/my-portfolio/node_modules/.pnpm/jest-circus@29.7.0/node_modules/jest-circus/build/run.js:316:40)
    at processTicksAndRejections (node:internal/process/task_queues:105:5)
    at _runTest (/home/marion/Code-Sources/projectsPerso/my-portfolio/node_modules/.pnpm/jest-circus@29.7.0/node_modules/jest-circus/build/run.js:252:3)
    at _runTestsForDescribeBlock (/home/marion/Code-Sources/projectsPerso/my-portfolio/node_modules/.pnpm/jest-circus@29.7.0/node_modules/jest-circus/build/run.js:126:9)
    at _runTestsForDescribeBlock (/home/marion/Code-Sources/projectsPerso/my-portfolio/node_modules/.pnpm/jest-circus@29.7.0/node_modules/jest-circus/build/run.js:121:9)
    at run (/home/marion/Code-Sources/projectsPerso/my-portfolio/node_modules/.pnpm/jest-circus@29.7.0/node_modules/jest-circus/build/run.js:71:3)
    at runAndTransformResultsToJestFormat (/home/marion/Code-Sources/projectsPerso/my-portfolio/node_modules/.pnpm/jest-circus@29.7.0/node_modules/jest-circus/build/legacy-code-todo-rewrite/jestAdapterInit.js:122:21)
    at jestAdapter (/home/marion/Code-Sources/projectsPerso/my-portfolio/node_modules/.pnpm/jest-circus@29.7.0/node_modules/jest-circus/build/legacy-code-todo-rewrite/jestAdapter.js:79:19)
    at runTestInternal (/home/marion/Code-Sources/projectsPerso/my-portfolio/node_modules/.pnpm/jest-runner@29.7.0/node_modules/jest-runner/build/runTest.js:367:16)
    at runTest (/home/marion/Code-Sources/projectsPerso/my-portfolio/node_modules/.pnpm/jest-runner@29.7.0/node_modules/jest-runner/build/runTest.js:444:34)
    at Object.worker (/home/marion/Code-Sources/projectsPerso/my-portfolio/node_modules/.pnpm/jest-runner@29.7.0/node_modules/jest-runner/build/testWorker.js:106:12)]]></failure>
    </testCase>
  </file>
  <file path="/home/marion/Code-Sources/projectsPerso/my-portfolio/src/components/CardHalloween/cardHalloween.spec.tsx">
    <testCase name="CardHalloween should render component CardHallowen correctly" duration="178"/>
    <testCase name="CardHalloween should render answer when user click on button answer" duration="153"/>
  </file>
  <file path="/home/marion/Code-Sources/projectsPerso/my-portfolio/src/components/CardHomepage/cardHomepage.spec.tsx">
    <testCase name="CardHomepage should render component CardHomepage correctly" duration="186"/>
    <testCase name="CardHomepage should good page when user click on link careers" duration="131"/>
    <testCase name="CardHomepage should good page when user click on link project" duration="42"/>
  </file>
  <file path="/home/marion/Code-Sources/projectsPerso/my-portfolio/src/components/CardRealisation/cardRealisation.spec.tsx">
    <testCase name="CardRealisation Component renders the title" duration="258">
      <failure message="TestingLibraryElementError: Unable to find an element with the text: : 2 weeks (normalized from &apos; : 2 weeks&apos;). This could be because the text is broken up by multiple elements. In this case, you can provide a function for your text matcher to make your matcher more flexible."><![CDATA[TestingLibraryElementError: Unable to find an element with the text: : 2 weeks (normalized from ' : 2 weeks'). This could be because the text is broken up by multiple elements. In this case, you can provide a function for your text matcher to make your matcher more flexible.

Ignored nodes: comments, script, style
<body>
  <div>
    <div
      class="allCard"
    >
      <h2
        class="titleProject"
      >
        Test Project
         
      </h2>
      <div
        class="groupTime"
      >
        <div
          class="groupProject"
        >
          <p>
            <svg
              fill="currentColor"
              height="25"
              stroke="currentColor"
              stroke-width="0"
              viewBox="0 0 512 512"
              width="25"
              xmlns="http://www.w3.org/2000/svg"
            >
              <circle
                cx="152"
                cy="184"
                r="72"
              />
              <path
                d="M234 296c-28.16-14.3-59.24-20-82-20-44.58 0-136 27.34-136 82v42h150v-16.07c0-19 8-38.05 22-53.93 11.17-12.68 26.81-24.45 46-34z"
              />
              <path
                d="M340 288c-52.07 0-156 32.16-156 96v48h312v-48c0-63.84-103.93-96-156-96z"
              />
              <circle
                cx="340"
                cy="168"
                r="88"
              />
            </svg>
          </p>
          <p
            class="contentGroup"
          >
            : 
            3
          </p>
        </div>
        <div
          class="timeProject"
        >
          <p>
            <svg
              fill="currentColor"
              height="25"
              stroke="currentColor"
              stroke-width="0"
              viewBox="0 0 512 512"
              width="25"
              xmlns="http://www.w3.org/2000/svg"
            >
              <path
                d="M256 48C141.13 48 48 141.13 48 256c0 114.69 93.32 208 208 208 114.86 0 208-93.14 208-208 0-114.69-93.31-208-208-208zm108 240H244a4 4 0 0 1-4-4V116a4 4 0 0 1 4-4h24a4 4 0 0 1 4 4v140h92a4 4 0 0 1 4 4v24a4 4 0 0 1-4 4z"
              />
            </svg>
          </p>
          <p
            class="contentTime"
          >
             : 
            2 weeks
          </p>
        </div>
      </div>
      <a
        class="linkSite"
        href="https://test-project.com"
        rel="noreferrer"
        target="_blank"
      >
        <img
          alt="Test Project"
          class="imgProject"
          data-nimg="1"
          decoding="async"
          height="200"
          src="/_next/image?url=%2Ftest.png&w=828&q=75"
          srcset="/_next/image?url=%2Ftest.png&w=640&q=75 1x, /_next/image?url=%2Ftest.png&w=828&q=75 2x"
          style="color: transparent;"
          width="400"
        />
      </a>
      <p
        class="problematiqueProject"
      >
        Probl√©matique : 
        Test problematique
      </p>
      <p
        class="contentProject"
      >
        This is a test project.
      </p>
      <div
        class="gitHub"
      >
        <a
          class="linkGithub"
          href="https://github.com/test/test-project"
          rel="noreferrer"
          target="_blank"
        >
          <p
            class="textGithub"
          >
            Front-End
          </p>
          <svg
            class="ioLogoGithub"
            fill="currentColor"
            height="1em"
            stroke="currentColor"
            stroke-width="0"
            viewBox="0 0 512 512"
            width="1em"
            xmlns="http://www.w3.org/2000/svg"
          >
            <path
              d="M256 32C132.3 32 32 134.9 32 261.7c0 101.5 64.2 187.5 153.2 217.9a17.56 17.56 0 0 0 3.8.4c8.3 0 11.5-6.1 11.5-11.4 0-5.5-.2-19.9-.3-39.1a102.4 102.4 0 0 1-22.6 2.7c-43.1 0-52.9-33.5-52.9-33.5-10.2-26.5-24.9-33.6-24.9-33.6-19.5-13.7-.1-14.1 1.4-14.1h.1c22.5 2 34.3 23.8 34.3 23.8 11.2 19.6 26.2 25.1 39.6 25.1a63 63 0 0 0 25.6-6c2-14.8 7.8-24.9 14.2-30.7-49.7-5.8-102-25.5-102-113.5 0-25.1 8.7-45.6 23-61.6-2.3-5.8-10-29.2 2.2-60.8a18.64 18.64 0 0 1 5-.5c8.1 0 26.4 3.1 56.6 24.1a208.21 208.21 0 0 1 112.2 0c30.2-21 48.5-24.1 56.6-24.1a18.64 18.64 0 0 1 5 .5c12.2 31.6 4.5 55 2.2 60.8 14.3 16.1 23 36.6 23 61.6 0 88.2-52.4 107.6-102.3 113.3 8 7.1 15.2 21.1 15.2 42.5 0 30.7-.3 55.5-.3 63 0 5.4 3.1 11.5 11.4 11.5a19.35 19.35 0 0 0 4-.4C415.9 449.2 480 363.1 480 261.7 480 134.9 379.7 32 256 32z"
            />
          </svg>
        </a>
        <a
          class="linkGithub"
          href="https://github.com/test/test-project-backend"
          rel="noreferrer"
          target="_blank"
        >
          <p
            class="textGithub"
          >
            Back-End
          </p>
          <svg
            class="ioLogoGithub"
            fill="currentColor"
            height="1em"
            stroke="currentColor"
            stroke-width="0"
            viewBox="0 0 512 512"
            width="1em"
            xmlns="http://www.w3.org/2000/svg"
          >
            <path
              d="M256 32C132.3 32 32 134.9 32 261.7c0 101.5 64.2 187.5 153.2 217.9a17.56 17.56 0 0 0 3.8.4c8.3 0 11.5-6.1 11.5-11.4 0-5.5-.2-19.9-.3-39.1a102.4 102.4 0 0 1-22.6 2.7c-43.1 0-52.9-33.5-52.9-33.5-10.2-26.5-24.9-33.6-24.9-33.6-19.5-13.7-.1-14.1 1.4-14.1h.1c22.5 2 34.3 23.8 34.3 23.8 11.2 19.6 26.2 25.1 39.6 25.1a63 63 0 0 0 25.6-6c2-14.8 7.8-24.9 14.2-30.7-49.7-5.8-102-25.5-102-113.5 0-25.1 8.7-45.6 23-61.6-2.3-5.8-10-29.2 2.2-60.8a18.64 18.64 0 0 1 5-.5c8.1 0 26.4 3.1 56.6 24.1a208.21 208.21 0 0 1 112.2 0c30.2-21 48.5-24.1 56.6-24.1a18.64 18.64 0 0 1 5 .5c12.2 31.6 4.5 55 2.2 60.8 14.3 16.1 23 36.6 23 61.6 0 88.2-52.4 107.6-102.3 113.3 8 7.1 15.2 21.1 15.2 42.5 0 30.7-.3 55.5-.3 63 0 5.4 3.1 11.5 11.4 11.5a19.35 19.35 0 0 0 4-.4C415.9 449.2 480 363.1 480 261.7 480 134.9 379.7 32 256 32z"
            />
          </svg>
        </a>
      </div>
    </div>
  </div>
</body>
    at Object.getElementError (/home/marion/Code-Sources/projectsPerso/my-portfolio/node_modules/.pnpm/@testing-library+dom@10.4.0/node_modules/@testing-library/dom/dist/config.js:37:19)
    at /home/marion/Code-Sources/projectsPerso/my-portfolio/node_modules/.pnpm/@testing-library+dom@10.4.0/node_modules/@testing-library/dom/dist/query-helpers.js:76:38
    at /home/marion/Code-Sources/projectsPerso/my-portfolio/node_modules/.pnpm/@testing-library+dom@10.4.0/node_modules/@testing-library/dom/dist/query-helpers.js:52:17
    at /home/marion/Code-Sources/projectsPerso/my-portfolio/node_modules/.pnpm/@testing-library+dom@10.4.0/node_modules/@testing-library/dom/dist/query-helpers.js:95:19
    at Object.getByText (/home/marion/Code-Sources/projectsPerso/my-portfolio/src/components/CardRealisation/cardRealisation.spec.tsx:40:12)
    at Promise.then.completed (/home/marion/Code-Sources/projectsPerso/my-portfolio/node_modules/.pnpm/jest-circus@29.7.0/node_modules/jest-circus/build/utils.js:298:28)
    at new Promise (<anonymous>)
    at callAsyncCircusFn (/home/marion/Code-Sources/projectsPerso/my-portfolio/node_modules/.pnpm/jest-circus@29.7.0/node_modules/jest-circus/build/utils.js:231:10)
    at _callCircusTest (/home/marion/Code-Sources/projectsPerso/my-portfolio/node_modules/.pnpm/jest-circus@29.7.0/node_modules/jest-circus/build/run.js:316:40)
    at processTicksAndRejections (node:internal/process/task_queues:105:5)
    at _runTest (/home/marion/Code-Sources/projectsPerso/my-portfolio/node_modules/.pnpm/jest-circus@29.7.0/node_modules/jest-circus/build/run.js:252:3)
    at _runTestsForDescribeBlock (/home/marion/Code-Sources/projectsPerso/my-portfolio/node_modules/.pnpm/jest-circus@29.7.0/node_modules/jest-circus/build/run.js:126:9)
    at _runTestsForDescribeBlock (/home/marion/Code-Sources/projectsPerso/my-portfolio/node_modules/.pnpm/jest-circus@29.7.0/node_modules/jest-circus/build/run.js:121:9)
    at run (/home/marion/Code-Sources/projectsPerso/my-portfolio/node_modules/.pnpm/jest-circus@29.7.0/node_modules/jest-circus/build/run.js:71:3)
    at runAndTransformResultsToJestFormat (/home/marion/Code-Sources/projectsPerso/my-portfolio/node_modules/.pnpm/jest-circus@29.7.0/node_modules/jest-circus/build/legacy-code-todo-rewrite/jestAdapterInit.js:122:21)
    at jestAdapter (/home/marion/Code-Sources/projectsPerso/my-portfolio/node_modules/.pnpm/jest-circus@29.7.0/node_modules/jest-circus/build/legacy-code-todo-rewrite/jestAdapter.js:79:19)
    at runTestInternal (/home/marion/Code-Sources/projectsPerso/my-portfolio/node_modules/.pnpm/jest-runner@29.7.0/node_modules/jest-runner/build/runTest.js:367:16)
    at runTest (/home/marion/Code-Sources/projectsPerso/my-portfolio/node_modules/.pnpm/jest-runner@29.7.0/node_modules/jest-runner/build/runTest.js:444:34)
    at Object.worker (/home/marion/Code-Sources/projectsPerso/my-portfolio/node_modules/.pnpm/jest-runner@29.7.0/node_modules/jest-runner/build/testWorker.js:106:12)]]></failure>
    </testCase>
  </file>
</testExecutions>